Qflow route logfile created on Чт май 20 15:49:05 MSK 2021
qrouter -nog  -s counter.cfg
Qrouter detail maze router version 1.4.84.T
Reading LEF data from file /usr/local/share/qflow/tech/osu035/osu035_stdcells.lef.
LEF Read, Line 135: NOTE:  Old format VIARULE ignored.
LEF Read, Line 136: NOTE:  Old format VIARULE ignored.
LEF Read, Line 140: NOTE:  Old format VIARULE ignored.
LEF Read, Line 141: NOTE:  Old format VIARULE ignored.
LEF Read, Line 151: NOTE:  Old format VIARULE ignored.
LEF Read, Line 152: NOTE:  Old format VIARULE ignored.
LEF Read, Line 156: NOTE:  Old format VIARULE ignored.
LEF Read, Line 157: NOTE:  Old format VIARULE ignored.
LEF Read, Line 167: NOTE:  Old format VIARULE ignored.
LEF Read, Line 168: NOTE:  Old format VIARULE ignored.
LEF Read, Line 172: NOTE:  Old format VIARULE ignored.
LEF Read, Line 173: NOTE:  Old format VIARULE ignored.
LEF file:  Defines site corner (ignored)
LEF file:  Defines site IO (ignored)
LEF file:  Defines site core (ignored)
LEF read: Processed 3179 lines.
LEF Read: encountered 0 errors and 12 warnings total.
Vertical route layer at non-minimum pitch 3.2.  Using smaller pitch 1.6, will route on 1-of-2 tracks for layer metal4.
Reading DEF data from file counter.def.
Diagnostic: Design name: "counter"
  Processed 3 vias total.
DEF Read, Line 55: Warning:  Number of subcells read (18) does not match the number declared (21).
DEF Read, Line 73: Warning:  Number of pins read (5) does not match the number declared (6).
  Processed 12 nets total (0 fixed).
  Processed 2 special nets total (1 fixed).
DEF read: Processed 134 lines.
DEF Read: encountered 0 errors and 2 warnings total.
Output scale = microns / 100, precision 1
There are 13 nets in this design.
*** Running stage1 routing with defaults
Finished routing net _4_[0]
Nets remaining: 12
Finished routing net _4_[1]
Nets remaining: 11
Finished routing net clk
Nets remaining: 10
Finished routing net _1_
Nets remaining: 9
Finished routing net val[0]
Nets remaining: 8
Finished routing net val[1]
Nets remaining: 7
Finished routing net _0_[0]
Nets remaining: 6
Finished routing net vdd
Nets remaining: 5
Finished routing net _0_[1]
Nets remaining: 4
Finished routing net _2_
Nets remaining: 3
Finished routing net _3_
Nets remaining: 2
Finished routing net rst
Nets remaining: 1

----------------------------------------------
Progress: Stage 1 total routes completed: 20
No failed routes!
----------------------------------------------
*** Running stage3 routing with defaults, 1st round
Finished routing net _4_[0]
Nets remaining: 12
Finished routing net _4_[1]
Nets remaining: 11
Finished routing net clk
Nets remaining: 10
Finished routing net _1_
Nets remaining: 9
Finished routing net val[0]
Nets remaining: 8
Finished routing net val[1]
Nets remaining: 7
Finished routing net _0_[0]
Nets remaining: 6
Keeping route for net vdd
Finished routing net _0_[1]
Nets remaining: 4
Finished routing net _2_
Nets remaining: 3
Finished routing net _3_
Nets remaining: 2
Finished routing net rst
Nets remaining: 1

----------------------------------------------
Progress: Stage 3 total routes completed: 38
No failed routes!
----------------------------------------------
*** Running stage3 routing with defaults, 2nd round
Finished routing net _4_[0]
Nets remaining: 12
Finished routing net _4_[1]
Nets remaining: 11
Finished routing net clk
Nets remaining: 10
Finished routing net _1_
Nets remaining: 9
Finished routing net val[0]
Nets remaining: 8
Finished routing net val[1]
Nets remaining: 7
Finished routing net _0_[0]
Nets remaining: 6
Keeping route for net vdd
Finished routing net _0_[1]
Nets remaining: 4
Finished routing net _2_
Nets remaining: 3
Finished routing net _3_
Nets remaining: 2
Finished routing net rst
Nets remaining: 1

----------------------------------------------
Progress: Stage 3 total routes completed: 56
No failed routes!
----------------------------------------------
*** Writing DEF file counter_route.def
----------------------------------------------
Final: No failed routes!
----------------------------------------------
*** Writing RC file counter_route.rc
Running annotate.tcl antenna.out /home/dos/qflow_diff/synthesis/counter.rtlnopwr.v
  /home/dos/qflow_diff/synthesis/counter.spc /home/dos/qflow_diff/synthesis/counter.rtlnopwr.anno.v
  /home/dos/qflow_diff/synthesis/counter.anno.spc  /usr/local/share/qflow/tech/osu035/osu035_stdcells.sp /home/dos/qflow_diff/synthesis/counter_powerground
Running annotate.tcl
found cell FILL pinlist vdd gnd
Done with annotate.tcl
Router script ended on Чт май 20 15:49:05 MSK 2021
